<?xml version="1.0" encoding="UTF-8"?>
<testng-results skipped="0" failed="0" ignored="0" total="1" passed="1">
  <reporter-output>
  </reporter-output>
  <suite name="Default suite" duration-ms="2586" started-at="2022-07-07T23:03:03 EDT" finished-at="2022-07-07T23:03:06 EDT">
    <groups>
    </groups>
    <test name="Default test" duration-ms="2586" started-at="2022-07-07T23:03:03 EDT" finished-at="2022-07-07T23:03:06 EDT">
      <class name="test.checkBoxIsCHeckedTest">
        <test-method status="PASS" signature="ValidateChecked()[pri:0, instance:test.checkBoxIsCHeckedTest@646d64ab]" name="ValidateChecked" duration-ms="2554" started-at="2022-07-07T23:03:03 EDT" finished-at="2022-07-07T23:03:06 EDT">
          <reporter-output>
          </reporter-output>
        </test-method> <!-- ValidateChecked -->
      </class> <!-- test.checkBoxIsCHeckedTest -->
    </test> <!-- Default test -->
  </suite> <!-- Default suite -->
</testng-results>
